This is pdfTeX, Version 3.14159265-2.6-1.40.17 (MiKTeX 2.9 64-bit) (preloaded format=pdflatex 2016.6.8)  9 JUN 2017 02:13
entering extended mode
**./buckley_report.tex
(buckley_report.tex
LaTeX2e <2016/03/31>
Babel <3.9r> and hyphenation patterns for 75 language(s) loaded.
("C:\Program Files\MiKTeX 2.9\tex\latex\base\article.cls"
Document Class: article 2014/09/29 v1.4h Standard LaTeX document class
("C:\Program Files\MiKTeX 2.9\tex\latex\base\size12.clo"
File: size12.clo 2014/09/29 v1.4h Standard LaTeX file (size option)
)
\c@part=\count79
\c@section=\count80
\c@subsection=\count81
\c@subsubsection=\count82
\c@paragraph=\count83
\c@subparagraph=\count84
\c@figure=\count85
\c@table=\count86
\abovecaptionskip=\skip41
\belowcaptionskip=\skip42
\bibindent=\dimen102
)
("C:\Program Files\MiKTeX 2.9\tex\latex\graphics\graphicx.sty"
Package: graphicx 2014/10/28 v1.0g Enhanced LaTeX Graphics (DPC,SPQR)

("C:\Program Files\MiKTeX 2.9\tex\latex\graphics\keyval.sty"
Package: keyval 2014/10/28 v1.15 key=value parser (DPC)
\KV@toks@=\toks14
)
("C:\Program Files\MiKTeX 2.9\tex\latex\graphics\graphics.sty"
Package: graphics 2016/05/09 v1.0r Standard LaTeX Graphics (DPC,SPQR)

("C:\Program Files\MiKTeX 2.9\tex\latex\graphics\trig.sty"
Package: trig 2016/01/03 v1.10 sin cos tan (DPC)
)
("C:\Program Files\MiKTeX 2.9\tex\latex\00miktex\graphics.cfg"
File: graphics.cfg 2016/01/02 v1.10 sample graphics configuration
)
Package graphics Info: Driver file: pdftex.def on input line 96.

("C:\Program Files\MiKTeX 2.9\tex\latex\pdftex-def\pdftex.def"
File: pdftex.def 2011/05/27 v0.06d Graphics/color for pdfTeX

("C:\Program Files\MiKTeX 2.9\tex\generic\oberdiek\infwarerr.sty"
Package: infwarerr 2016/05/16 v1.4 Providing info/warning/error messages (HO)
)
("C:\Program Files\MiKTeX 2.9\tex\generic\oberdiek\ltxcmds.sty"
Package: ltxcmds 2016/05/16 v1.23 LaTeX kernel commands for general use (HO)
)
\Gread@gobject=\count87
))
\Gin@req@height=\dimen103
\Gin@req@width=\dimen104
)
("C:\Program Files\MiKTeX 2.9\tex\latex\caption\subcaption.sty"
Package: subcaption 2016/05/22 v1.1-161 Sub-captions (AR)

("C:\Program Files\MiKTeX 2.9\tex\latex\caption\caption.sty"
Package: caption 2016/02/21 v3.3-144 Customizing captions (AR)

("C:\Program Files\MiKTeX 2.9\tex\latex\caption\caption3.sty"
Package: caption3 2016/05/22 v1.7-166 caption3 kernel (AR)
Package caption3 Info: TeX engine: e-TeX on input line 67.
\captionmargin=\dimen105
\captionmargin@=\dimen106
\captionwidth=\dimen107
\caption@tempdima=\dimen108
\caption@indent=\dimen109
\caption@parindent=\dimen110
\caption@hangindent=\dimen111
)
\c@ContinuedFloat=\count88
)
\c@subfigure=\count89
\c@subtable=\count90
)
("C:\Program Files\MiKTeX 2.9\tex\latex\float\float.sty"
Package: float 2001/11/08 v1.3d Float enhancements (AL)
\c@float@type=\count91
\float@exts=\toks15
\float@box=\box26
\@float@everytoks=\toks16
\@floatcapt=\box27
)
("C:\Program Files\MiKTeX 2.9\tex\latex\amsmath\amsmath.sty"
Package: amsmath 2016/03/10 v2.15b AMS math features
\@mathmargin=\skip43

For additional information on amsmath, use the `?' option.
("C:\Program Files\MiKTeX 2.9\tex\latex\amsmath\amstext.sty"
Package: amstext 2000/06/29 v2.01 AMS text

("C:\Program Files\MiKTeX 2.9\tex\latex\amsmath\amsgen.sty"
File: amsgen.sty 1999/11/30 v2.0 generic functions
\@emptytoks=\toks17
\ex@=\dimen112
))
("C:\Program Files\MiKTeX 2.9\tex\latex\amsmath\amsbsy.sty"
Package: amsbsy 1999/11/29 v1.2d Bold Symbols
\pmbraise@=\dimen113
)
("C:\Program Files\MiKTeX 2.9\tex\latex\amsmath\amsopn.sty"
Package: amsopn 2016/03/08 v2.02 operator names
)
\inf@bad=\count92
LaTeX Info: Redefining \frac on input line 199.
\uproot@=\count93
\leftroot@=\count94
LaTeX Info: Redefining \overline on input line 297.
\classnum@=\count95
\DOTSCASE@=\count96
LaTeX Info: Redefining \ldots on input line 394.
LaTeX Info: Redefining \dots on input line 397.
LaTeX Info: Redefining \cdots on input line 518.
\Mathstrutbox@=\box28
\strutbox@=\box29
\big@size=\dimen114
LaTeX Font Info:    Redeclaring font encoding OML on input line 634.
LaTeX Font Info:    Redeclaring font encoding OMS on input line 635.
\macc@depth=\count97
\c@MaxMatrixCols=\count98
\dotsspace@=\muskip10
\c@parentequation=\count99
\dspbrk@lvl=\count100
\tag@help=\toks18
\row@=\count101
\column@=\count102
\maxfields@=\count103
\andhelp@=\toks19
\eqnshift@=\dimen115
\alignsep@=\dimen116
\tagshift@=\dimen117
\tagwidth@=\dimen118
\totwidth@=\dimen119
\lineht@=\dimen120
\@envbody=\toks20
\multlinegap=\skip44
\multlinetaggap=\skip45
\mathdisplay@stack=\toks21
LaTeX Info: Redefining \[ on input line 2739.
LaTeX Info: Redefining \] on input line 2740.
)
("C:\Program Files\MiKTeX 2.9\tex\latex\pdfpages\pdfpages.sty"
Package: pdfpages 2016/04/19 v0.5f Insert pages of external PDF documents (AM)

("C:\Program Files\MiKTeX 2.9\tex\latex\base\ifthen.sty"
Package: ifthen 2014/09/29 v1.1c Standard LaTeX ifthen package (DPC)
)
("C:\Program Files\MiKTeX 2.9\tex\latex\tools\calc.sty"
Package: calc 2014/10/28 v4.3 Infix arithmetic (KKT,FJ)
\calc@Acount=\count104
\calc@Bcount=\count105
\calc@Adimen=\dimen121
\calc@Bdimen=\dimen122
\calc@Askip=\skip46
\calc@Bskip=\skip47
LaTeX Info: Redefining \setlength on input line 80.
LaTeX Info: Redefining \addtolength on input line 81.
\calc@Ccount=\count106
\calc@Cskip=\skip48
)
("C:\Program Files\MiKTeX 2.9\tex\latex\eso-pic\eso-pic.sty"
Package: eso-pic 2015/07/21 v2.0g eso-pic (RN)

("C:\Program Files\MiKTeX 2.9\tex\generic\oberdiek\atbegshi.sty"
Package: atbegshi 2016/05/16 v1.17 At begin shipout hook (HO)

("C:\Program Files\MiKTeX 2.9\tex\generic\oberdiek\ifpdf.sty"
Package: ifpdf 2016/05/14 v3.1 Provides the ifpdf switch
))
("C:\Program Files\MiKTeX 2.9\tex\latex\xcolor\xcolor.sty"
Package: xcolor 2016/05/11 v2.12 LaTeX color extensions (UK)

("C:\Program Files\MiKTeX 2.9\tex\latex\00miktex\color.cfg"
File: color.cfg 2016/01/02 v1.6 sample color configuration
)
Package xcolor Info: Driver file: pdftex.def on input line 225.
Package xcolor Info: Model `cmy' substituted by `cmy0' on input line 1348.
Package xcolor Info: Model `hsb' substituted by `rgb' on input line 1352.
Package xcolor Info: Model `RGB' extended on input line 1364.
Package xcolor Info: Model `HTML' substituted by `rgb' on input line 1366.
Package xcolor Info: Model `Hsb' substituted by `hsb' on input line 1367.
Package xcolor Info: Model `tHsb' substituted by `hsb' on input line 1368.
Package xcolor Info: Model `HSB' substituted by `hsb' on input line 1369.
Package xcolor Info: Model `Gray' substituted by `gray' on input line 1370.
Package xcolor Info: Model `wave' substituted by `hsb' on input line 1371.
))
\AM@pagewidth=\dimen123
\AM@pageheight=\dimen124

("C:\Program Files\MiKTeX 2.9\tex\latex\pdfpages\pppdftex.def"
File: pppdftex.def 2016/04/19 v0.5f Pdfpages driver for pdfTeX (AM)
)
\AM@pagebox=\box30
\AM@global@opts=\toks22
\AM@toc@title=\toks23
\c@AM@survey=\count107
\AM@templatesizebox=\box31
)
("C:\Program Files\MiKTeX 2.9\tex\latex\hyperref\hyperref.sty"
Package: hyperref 2016/05/21 v6.83p Hypertext links for LaTeX

("C:\Program Files\MiKTeX 2.9\tex\generic\oberdiek\hobsub-hyperref.sty"
Package: hobsub-hyperref 2016/05/16 v1.14 Bundle oberdiek, subset hyperref (HO)


("C:\Program Files\MiKTeX 2.9\tex\generic\oberdiek\hobsub-generic.sty"
Package: hobsub-generic 2016/05/16 v1.14 Bundle oberdiek, subset generic (HO)
Package: hobsub 2016/05/16 v1.14 Construct package bundles (HO)
Package hobsub Info: Skipping package `infwarerr' (already loaded).
Package hobsub Info: Skipping package `ltxcmds' (already loaded).
Package: ifluatex 2016/05/16 v1.4 Provides the ifluatex switch (HO)
Package ifluatex Info: LuaTeX not detected.
Package: ifvtex 2016/05/16 v1.6 Detect VTeX and its facilities (HO)
Package ifvtex Info: VTeX not detected.
Package: intcalc 2016/05/16 v1.2 Expandable calculations with integers (HO)
Package hobsub Info: Skipping package `ifpdf' (already loaded).
Package: etexcmds 2016/05/16 v1.6 Avoid name clashes with e-TeX commands (HO)
Package etexcmds Info: Could not find \expanded.
(etexcmds)             That can mean that you are not using pdfTeX 1.50 or
(etexcmds)             that some package has redefined \expanded.
(etexcmds)             In the latter case, load this package earlier.
Package: kvsetkeys 2016/05/16 v1.17 Key value parser (HO)
Package: kvdefinekeys 2016/05/16 v1.4 Define keys (HO)
Package: pdftexcmds 2016/05/21 v0.22 Utility functions of pdfTeX for LuaTeX (HO
)
Package pdftexcmds Info: LuaTeX not detected.
Package pdftexcmds Info: \pdf@primitive is available.
Package pdftexcmds Info: \pdf@ifprimitive is available.
Package pdftexcmds Info: \pdfdraftmode found.
Package: pdfescape 2016/05/16 v1.14 Implements pdfTeX's escape features (HO)
Package: bigintcalc 2016/05/16 v1.4 Expandable calculations on big integers (HO
)
Package: bitset 2016/05/16 v1.2 Handle bit-vector datatype (HO)
Package: uniquecounter 2016/05/16 v1.3 Provide unlimited unique counter (HO)
)
Package hobsub Info: Skipping package `hobsub' (already loaded).
Package: letltxmacro 2016/05/16 v1.5 Let assignment for LaTeX macros (HO)
Package: hopatch 2016/05/16 v1.3 Wrapper for package hooks (HO)
Package: xcolor-patch 2016/05/16 xcolor patch
Package: atveryend 2016/05/16 v1.9 Hooks at the very end of document (HO)
Package atveryend Info: \enddocument detected (standard20110627).
Package hobsub Info: Skipping package `atbegshi' (already loaded).
Package: refcount 2016/05/16 v3.5 Data extraction from label references (HO)
Package: hycolor 2016/05/16 v1.8 Color options for hyperref/bookmark (HO)
)
("C:\Program Files\MiKTeX 2.9\tex\generic\ifxetex\ifxetex.sty"
Package: ifxetex 2010/09/12 v0.6 Provides ifxetex conditional
)
("C:\Program Files\MiKTeX 2.9\tex\latex\oberdiek\auxhook.sty"
Package: auxhook 2016/05/16 v1.4 Hooks for auxiliary files (HO)
)
("C:\Program Files\MiKTeX 2.9\tex\latex\oberdiek\kvoptions.sty"
Package: kvoptions 2016/05/16 v3.12 Key value format for package options (HO)
)
\@linkdim=\dimen125
\Hy@linkcounter=\count108
\Hy@pagecounter=\count109

("C:\Program Files\MiKTeX 2.9\tex\latex\hyperref\pd1enc.def"
File: pd1enc.def 2016/05/21 v6.83p Hyperref: PDFDocEncoding definition (HO)
)
\Hy@SavedSpaceFactor=\count110

("C:\Program Files\MiKTeX 2.9\tex\latex\00miktex\hyperref.cfg"
File: hyperref.cfg 2002/06/06 v1.2 hyperref configuration of TeXLive
)
Package hyperref Info: Hyper figures OFF on input line 4486.
Package hyperref Info: Link nesting OFF on input line 4491.
Package hyperref Info: Hyper index ON on input line 4494.
Package hyperref Info: Plain pages OFF on input line 4501.
Package hyperref Info: Backreferencing OFF on input line 4506.
Package hyperref Info: Implicit mode ON; LaTeX internals redefined.
Package hyperref Info: Bookmarks ON on input line 4735.
\c@Hy@tempcnt=\count111

("C:\Program Files\MiKTeX 2.9\tex\latex\url\url.sty"
\Urlmuskip=\muskip11
Package: url 2013/09/16  ver 3.4  Verb mode for urls, etc.
)
LaTeX Info: Redefining \url on input line 5088.
\XeTeXLinkMargin=\dimen126
\Fld@menulength=\count112
\Field@Width=\dimen127
\Fld@charsize=\dimen128
Package hyperref Info: Hyper figures OFF on input line 6342.
Package hyperref Info: Link nesting OFF on input line 6347.
Package hyperref Info: Hyper index ON on input line 6350.
Package hyperref Info: backreferencing OFF on input line 6357.
Package hyperref Info: Link coloring OFF on input line 6362.
Package hyperref Info: Link coloring with OCG OFF on input line 6367.
Package hyperref Info: PDF/A mode OFF on input line 6372.
LaTeX Info: Redefining \ref on input line 6412.
LaTeX Info: Redefining \pageref on input line 6416.
\Hy@abspage=\count113
\c@Item=\count114
\c@Hfootnote=\count115
)

Package hyperref Message: Driver (autodetected): hpdftex.

("C:\Program Files\MiKTeX 2.9\tex\latex\hyperref\hpdftex.def"
File: hpdftex.def 2016/05/21 v6.83p Hyperref driver for pdfTeX
\Fld@listcount=\count116
\c@bookmark@seq@number=\count117

("C:\Program Files\MiKTeX 2.9\tex\latex\oberdiek\rerunfilecheck.sty"
Package: rerunfilecheck 2016/05/16 v1.8 Rerun checks for auxiliary files (HO)
Package uniquecounter Info: New unique counter `rerunfilecheck' on input line 2
82.
)
\Hy@SectionHShift=\skip49
)
("C:\Program Files\MiKTeX 2.9\tex\latex\geometry\geometry.sty"
Package: geometry 2010/09/12 v5.6 Page Geometry
\Gm@cnth=\count118
\Gm@cntv=\count119
\c@Gm@tempcnt=\count120
\Gm@bindingoffset=\dimen129
\Gm@wd@mp=\dimen130
\Gm@odd@mp=\dimen131
\Gm@even@mp=\dimen132
\Gm@layoutwidth=\dimen133
\Gm@layoutheight=\dimen134
\Gm@layouthoffset=\dimen135
\Gm@layoutvoffset=\dimen136
\Gm@dimlist=\toks24

("C:\Program Files\MiKTeX 2.9\tex\latex\geometry\geometry.cfg"))
(buckley_report.aux

LaTeX Warning: Label `8:angvel' multiply defined.


LaTeX Warning: Label `8:angvel' multiply defined.

)
\openout1 = `buckley_report.aux'.

LaTeX Font Info:    Checking defaults for OML/cmm/m/it on input line 36.
LaTeX Font Info:    ... okay on input line 36.
LaTeX Font Info:    Checking defaults for T1/cmr/m/n on input line 36.
LaTeX Font Info:    ... okay on input line 36.
LaTeX Font Info:    Checking defaults for OT1/cmr/m/n on input line 36.
LaTeX Font Info:    ... okay on input line 36.
LaTeX Font Info:    Checking defaults for OMS/cmsy/m/n on input line 36.
LaTeX Font Info:    ... okay on input line 36.
LaTeX Font Info:    Checking defaults for OMX/cmex/m/n on input line 36.
LaTeX Font Info:    ... okay on input line 36.
LaTeX Font Info:    Checking defaults for U/cmr/m/n on input line 36.
LaTeX Font Info:    ... okay on input line 36.
LaTeX Font Info:    Checking defaults for PD1/pdf/m/n on input line 36.
LaTeX Font Info:    ... okay on input line 36.
 ("C:\Program Files\MiKTeX 2.9\tex\context\base\supp-pdf.mkii"
[Loading MPS to PDF converter (version 2006.09.02).]
\scratchcounter=\count121
\scratchdimen=\dimen137
\scratchbox=\box32
\nofMPsegments=\count122
\nofMParguments=\count123
\everyMPshowfont=\toks25
\MPscratchCnt=\count124
\MPscratchDim=\dimen138
\MPnumerator=\count125
\makeMPintoPDFobject=\count126
\everyMPtoPDFconversion=\toks26
) ("C:\Program Files\MiKTeX 2.9\tex\latex\oberdiek\epstopdf-base.sty"
Package: epstopdf-base 2016/05/15 v2.6 Base part for package epstopdf

("C:\Program Files\MiKTeX 2.9\tex\latex\oberdiek\grfext.sty"
Package: grfext 2016/05/16 v1.2 Manage graphics extensions (HO)
)
Package grfext Info: Graphics extension search list:
(grfext)             [.pdf,.png,.jpg,.eps]
(grfext)             \AppendGraphicsExtensions on input line 456.
)
Package caption Info: Begin \AtBeginDocument code.
Package caption Info: float package is loaded.
Package caption Info: hyperref package is loaded.
Package caption Info: End \AtBeginDocument code.
\AtBeginShipoutBox=\box33

("C:\Program Files\MiKTeX 2.9\tex\latex\oberdiek\pdflscape.sty"
Package: pdflscape 2016/05/14 v0.11 Display of landscape pages in PDF (HO)

("C:\Program Files\MiKTeX 2.9\tex\latex\graphics\lscape.sty"
Package: lscape 2000/10/22 v3.01 Landscape Pages (DPC)
)
Package pdflscape Info: Auto-detected driver: pdftex on input line 81.
)
Package hyperref Info: Link coloring OFF on input line 36.

("C:\Program Files\MiKTeX 2.9\tex\latex\hyperref\nameref.sty"
Package: nameref 2016/05/21 v2.44 Cross-referencing by name of section

("C:\Program Files\MiKTeX 2.9\tex\generic\oberdiek\gettitlestring.sty"
Package: gettitlestring 2016/05/16 v1.5 Cleanup title references (HO)
)
\c@section@level=\count127
)
LaTeX Info: Redefining \ref on input line 36.
LaTeX Info: Redefining \pageref on input line 36.
LaTeX Info: Redefining \nameref on input line 36.

(buckley_report.out) (buckley_report.out)
\@outlinefile=\write3
\openout3 = `buckley_report.out'.


*geometry* driver: auto-detecting
*geometry* detected driver: pdftex
*geometry* verbose mode - [ preamble ] result:
* driver: pdftex
* paper: letterpaper
* layout: <same size as paper>
* layoutoffset:(h,v)=(0.0pt,0.0pt)
* modes: 
* h-part:(L,W,R)=(72.26999pt, 469.75502pt, 72.26999pt)
* v-part:(T,H,B)=(72.26999pt, 650.43001pt, 72.26999pt)
* \paperwidth=614.295pt
* \paperheight=794.96999pt
* \textwidth=469.75502pt
* \textheight=650.43001pt
* \oddsidemargin=0.0pt
* \evensidemargin=0.0pt
* \topmargin=-37.0pt
* \headheight=12.0pt
* \headsep=25.0pt
* \topskip=12.0pt
* \footskip=30.0pt
* \marginparwidth=44.0pt
* \marginparsep=10.0pt
* \columnsep=10.0pt
* \skip\footins=10.8pt plus 4.0pt minus 2.0pt
* \hoffset=0.0pt
* \voffset=0.0pt
* \mag=1000
* \@twocolumnfalse
* \@twosidefalse
* \@mparswitchfalse
* \@reversemarginfalse
* (1in=72.27pt=25.4mm, 1cm=28.453pt)

<ISS.jpg, id=164, 959.45651pt x 611.69328pt>
File: ISS.jpg Graphic file (type jpg)
 <use ISS.jpg>
Package pdftex.def Info: ISS.jpg used on input line 44.
(pdftex.def)             Requested size: 469.75502pt x 299.48965pt.
 [1

{C:/ProgramData/MiKTeX/2.9/pdftex/config/pdftex.map} <./ISS.jpg>] (buckley_repo
rt.tocpdfTeX warning (ext4): destination with the same identifier (name{page.1}
) has been already used, duplicate ignored
<to be read again> 
                   \relax 
l.32 ...tended Kalman Filter (EKF)}{45}{section.7}
                                                   [1])
\tf@toc=\write4
\openout4 = `buckley_report.toc'.


<iss_config.png, id=219, 1261.71375pt x 867.24pt>
File: iss_config.png Graphic file (type png)
 <use iss_config.png>
Package pdftex.def Info: iss_config.png used on input line 63.
(pdftex.def)             Requested size: 1009.37239pt x 693.79295pt.
 [2]
<./src/html/ps1_childs.png, id=230, 453.19313pt x 360.59718pt>
File: ./src/html/ps1_childs.png Graphic file (type png)

<use ./src/html/ps1_childs.png>
Package pdftex.def Info: ./src/html/ps1_childs.png used on input line 73.
(pdftex.def)             Requested size: 362.555pt x 288.47813pt.
 [3 <./iss_config.png>]
<./src/html/ps1_2body.png, id=243, 358.33875pt x 60.97781pt>
File: ./src/html/ps1_2body.png Graphic file (type png)

<use ./src/html/ps1_2body.png>
Package pdftex.def Info: ./src/html/ps1_2body.png used on input line 84.
(pdftex.def)             Requested size: 358.33788pt x 60.97765pt.
 [4 <./src/html/ps1_childs.png> <./src/html/ps1_2body.png>] <./src/html/ps1_orb
itSim.png, id=252, 714.41907pt x 506.6428pt>
File: ./src/html/ps1_orbitSim.png Graphic file (type png)

<use ./src/html/ps1_orbitSim.png>
Package pdftex.def Info: ./src/html/ps1_orbitSim.png used on input line 92.
(pdftex.def)             Requested size: 571.53604pt x 405.31479pt.
 [5 <./src/html/ps1_orbitSim.png>]
<./src/html/ps1_01.png, id=267, 421.575pt x 316.18124pt>
File: ./src/html/ps1_01.png Graphic file (type png)

<use ./src/html/ps1_01.png>
Package pdftex.def Info: ./src/html/ps1_01.png used on input line 120.
(pdftex.def)             Requested size: 284.90735pt x 234.73558pt.
 <iss_normals.png, id=270, 1445.4pt x 724.95844pt>
File: iss_normals.png Graphic file (type png)

<use iss_normals.png>
Package pdftex.def Info: iss_normals.png used on input line 130.
(pdftex.def)             Requested size: 657.65416pt x 401.74985pt.

Overfull \hbox (187.89914pt too wide) in paragraph at lines 130--131
 [][] 
 []

[6 <./src/html/ps1_01.png (PNG copy)>]
<./src/html/ps1_02.png, id=283, 421.575pt x 316.18124pt>
File: ./src/html/ps1_02.png Graphic file (type png)

<use ./src/html/ps1_02.png>
Package pdftex.def Info: ./src/html/ps1_02.png used on input line 142.
(pdftex.def)             Requested size: 312.22203pt x 252.94533pt.
 [7 <./iss_normals.png (PNG copy)>]
<./src/html/ps2_euler1.png, id=291, 178.41656pt x 27.85406pt>
File: ./src/html/ps2_euler1.png Graphic file (type png)

<use ./src/html/ps2_euler1.png>
Package pdftex.def Info: ./src/html/ps2_euler1.png used on input line 157.
(pdftex.def)             Requested size: 107.05075pt x 16.71254pt.

<./src/html/ps2_euler2.png, id=292, 210.7875pt x 72.27pt>
File: ./src/html/ps2_euler2.png Graphic file (type png)

<use ./src/html/ps2_euler2.png>
Package pdftex.def Info: ./src/html/ps2_euler2.png used on input line 164.
(pdftex.def)             Requested size: 126.47346pt x 43.36232pt.

<./src/html/ps2_eulerSim.png, id=293, 498.36188pt x 423.08063pt>
File: ./src/html/ps2_eulerSim.png Graphic file (type png)

<use ./src/html/ps2_eulerSim.png>
Package pdftex.def Info: ./src/html/ps2_eulerSim.png used on input line 169.
(pdftex.def)             Requested size: 299.01942pt x 253.85033pt.
 [8 <./src/html/ps1_02.png (PNG copy)> <./src/html/ps2_euler1.png> <./src/html/
ps2_euler2.png>]
<./src/html/ps2_energyEll.png, id=304, 305.64188pt x 70.76437pt>
File: ./src/html/ps2_energyEll.png Graphic file (type png)

<use ./src/html/ps2_energyEll.png>
Package pdftex.def Info: ./src/html/ps2_energyEll.png used on input line 180.
(pdftex.def)             Requested size: 183.38652pt x 42.45894pt.

<./src/html/ps2_momEll.png, id=305, 308.65312pt x 71.51718pt>
File: ./src/html/ps2_momEll.png Graphic file (type png)

<use ./src/html/ps2_momEll.png>
Package pdftex.def Info: ./src/html/ps2_momEll.png used on input line 186.
(pdftex.def)             Requested size: 185.1933pt x 42.91063pt.

<./src/html/ps2_01.png, id=307, 421.575pt x 316.18124pt>
File: ./src/html/ps2_01.png Graphic file (type png)

<use ./src/html/ps2_01.png>
Package pdftex.def Info: ./src/html/ps2_01.png used on input line 197.
(pdftex.def)             Requested size: 230.18253pt x 189.65009pt.

<./src/html/ps2_02.png, id=309, 421.575pt x 316.18124pt>
File: ./src/html/ps2_02.png Graphic file (type png)

<use ./src/html/ps2_02.png>
Package pdftex.def Info: ./src/html/ps2_02.png used on input line 200.
(pdftex.def)             Requested size: 230.18253pt x 189.65009pt.
 [9 <./src/html/ps2_eulerSim.png> <./src/html/ps2_energyEll.png> <./src/html/ps
2_momEll.png>]
<./src/html/ps2_03.png, id=322, 421.575pt x 316.18124pt>
File: ./src/html/ps2_03.png Graphic file (type png)

<use ./src/html/ps2_03.png>
Package pdftex.def Info: ./src/html/ps2_03.png used on input line 210.
(pdftex.def)             Requested size: 320.51736pt x 264.07474pt.

<./src/html/ps2_04.png, id=324, 421.575pt x 316.18124pt>
File: ./src/html/ps2_04.png Graphic file (type png)

<use ./src/html/ps2_04.png>
Package pdftex.def Info: ./src/html/ps2_04.png used on input line 219.
(pdftex.def)             Requested size: 150.32504pt x 123.85303pt.

<./src/html/ps2_05.png, id=326, 421.575pt x 316.18124pt>
File: ./src/html/ps2_05.png Graphic file (type png)

<use ./src/html/ps2_05.png>
Package pdftex.def Info: ./src/html/ps2_05.png used on input line 222.
(pdftex.def)             Requested size: 150.32504pt x 123.85303pt.

<./src/html/ps2_06.png, id=328, 421.575pt x 316.18124pt>
File: ./src/html/ps2_06.png Graphic file (type png)

<use ./src/html/ps2_06.png>
Package pdftex.def Info: ./src/html/ps2_06.png used on input line 225.
(pdftex.def)             Requested size: 150.32504pt x 123.85303pt.
 [10 <./src/html/ps2_01.png (PNG copy)> <./src/html/ps2_02.png (PNG copy)> <./s
rc/html/ps2_03.png (PNG copy)>]
<./src/html/ps2_07.png, id=342, 421.575pt x 316.18124pt>
File: ./src/html/ps2_07.png Graphic file (type png)

<use ./src/html/ps2_07.png>
Package pdftex.def Info: ./src/html/ps2_07.png used on input line 246.
(pdftex.def)             Requested size: 150.32504pt x 123.85303pt.

<./src/html/ps2_08.png, id=344, 421.575pt x 316.18124pt>
File: ./src/html/ps2_08.png Graphic file (type png)

<use ./src/html/ps2_08.png>
Package pdftex.def Info: ./src/html/ps2_08.png used on input line 249.
(pdftex.def)             Requested size: 150.32504pt x 123.85303pt.

<./src/html/ps2_09.png, id=346, 421.575pt x 316.18124pt>
File: ./src/html/ps2_09.png Graphic file (type png)

<use ./src/html/ps2_09.png>
Package pdftex.def Info: ./src/html/ps2_09.png used on input line 252.
(pdftex.def)             Requested size: 150.32504pt x 123.85303pt.
 [11 <./src/html/ps2_04.png (PNG copy)> <./src/html/ps2_05.png (PNG copy)> <./s
rc/html/ps2_06.png (PNG copy)> <./src/html/ps2_07.png (PNG copy)> <./src/html/p
s2_08.png (PNG copy)> <./src/html/ps2_09.png (PNG copy)>] <./src/html/ps2_10.pn
g, id=364, 421.575pt x 316.18124pt>
File: ./src/html/ps2_10.png Graphic file (type png)

<use ./src/html/ps2_10.png>
Package pdftex.def Info: ./src/html/ps2_10.png used on input line 267.
(pdftex.def)             Requested size: 230.18253pt x 189.65009pt.

<./src/html/ps2_11.png, id=366, 421.575pt x 316.18124pt>
File: ./src/html/ps2_11.png Graphic file (type png)

<use ./src/html/ps2_11.png>
Package pdftex.def Info: ./src/html/ps2_11.png used on input line 270.
(pdftex.def)             Requested size: 230.18253pt x 189.65009pt.

<./src/html/ps2_12.png, id=368, 421.575pt x 316.18124pt>
File: ./src/html/ps2_12.png Graphic file (type png)

<use ./src/html/ps2_12.png>
Package pdftex.def Info: ./src/html/ps2_12.png used on input line 280.
(pdftex.def)             Requested size: 320.51736pt x 264.07474pt.

<./src/html/ps2_analytic.png, id=370, 232.61906pt x 59.47218pt>
File: ./src/html/ps2_analytic.png Graphic file (type png)

<use ./src/html/ps2_analytic.png>
Package pdftex.def Info: ./src/html/ps2_analytic.png used on input line 291.
(pdftex.def)             Requested size: 209.35521pt x 53.52446pt.
 [12 <./src/html/ps2_10.png (PNG copy)> <./src/html/ps2_11.png (PNG copy)> <./s
rc/html/ps2_12.png (PNG copy)>]
<./src/html/ps2_euleranalytic.png, id=382, 469.755pt x 118.19156pt>
File: ./src/html/ps2_euleranalytic.png Graphic file (type png)

<use ./src/html/ps2_euleranalytic.png>
Package pdftex.def Info: ./src/html/ps2_euleranalytic.png used on input line 30
0.
(pdftex.def)             Requested size: 422.7756pt x 106.37141pt.

<./src/html/ps2_19.png, id=384, 421.575pt x 316.18124pt>
File: ./src/html/ps2_19.png Graphic file (type png)

<use ./src/html/ps2_19.png>
Package pdftex.def Info: ./src/html/ps2_19.png used on input line 309.
(pdftex.def)             Requested size: 320.51736pt x 264.07474pt.
 [13 <./src/html/ps2_analytic.png> <./src/html/ps2_euleranalytic.png>] <./src/h
tml/ps3_DCM1.png, id=395, 455.45157pt x 76.78688pt>
File: ./src/html/ps3_DCM1.png Graphic file (type png)

<use ./src/html/ps3_DCM1.png>
Package pdftex.def Info: ./src/html/ps3_DCM1.png used on input line 327.
(pdftex.def)             Requested size: 409.90262pt x 69.10754pt.

<./src/html/ps3_DCM2.png, id=396, 282.30469pt x 43.66313pt>
File: ./src/html/ps3_DCM2.png Graphic file (type png)

<use ./src/html/ps3_DCM2.png>
Package pdftex.def Info: ./src/html/ps3_DCM2.png used on input line 334.
(pdftex.def)             Requested size: 254.07185pt x 39.29643pt.
 [14 <./src/html/ps2_19.png (PNG copy)> <./src/html/ps3_DCM1.png>] <./src/html/
ps3_quat2.png, id=405, 333.49594pt x 57.21375pt>
File: ./src/html/ps3_quat2.png Graphic file (type png)

<use ./src/html/ps3_quat2.png>
Package pdftex.def Info: ./src/html/ps3_quat2.png used on input line 355.
(pdftex.def)             Requested size: 300.14357pt x 51.49188pt.

<./src/html/ps3_quat1.png, id=406, 234.8775pt x 82.80937pt>
File: ./src/html/ps3_quat1.png Graphic file (type png)

<use ./src/html/ps3_quat1.png>
Package pdftex.def Info: ./src/html/ps3_quat1.png used on input line 360.
(pdftex.def)             Requested size: 211.38779pt x 74.52773pt.
 [15 <./src/html/ps3_DCM2.png> <./src/html/ps3_quat2.png> <./src/html/ps3_quat1
.png>]
<./src/html/ps3_01.png, id=419, 421.575pt x 316.18124pt>
File: ./src/html/ps3_01.png Graphic file (type png)

<use ./src/html/ps3_01.png>
Package pdftex.def Info: ./src/html/ps3_01.png used on input line 374.
(pdftex.def)             Requested size: 230.18253pt x 189.65009pt.

<./src/html/ps3_02.png, id=421, 421.575pt x 316.18124pt>
File: ./src/html/ps3_02.png Graphic file (type png)

<use ./src/html/ps3_02.png>
Package pdftex.def Info: ./src/html/ps3_02.png used on input line 377.
(pdftex.def)             Requested size: 230.18253pt x 189.65009pt.

<./src/html/ps3_03.png, id=424, 421.575pt x 316.18124pt>
File: ./src/html/ps3_03.png Graphic file (type png)

<use ./src/html/ps3_03.png>
Package pdftex.def Info: ./src/html/ps3_03.png used on input line 387.
(pdftex.def)             Requested size: 320.51736pt x 264.07474pt.
 [16 <./src/html/ps3_01.png (PNG copy)> <./src/html/ps3_02.png (PNG copy)>]
<./src/html/ps3_04.png, id=434, 421.575pt x 316.18124pt>
File: ./src/html/ps3_04.png Graphic file (type png)

<use ./src/html/ps3_04.png>
Package pdftex.def Info: ./src/html/ps3_04.png used on input line 397.
(pdftex.def)             Requested size: 230.18253pt x 189.65009pt.

<./src/html/ps3_05.png, id=436, 421.575pt x 316.18124pt>
File: ./src/html/ps3_05.png Graphic file (type png)

<use ./src/html/ps3_05.png>
Package pdftex.def Info: ./src/html/ps3_05.png used on input line 400.
(pdftex.def)             Requested size: 230.18253pt x 189.65009pt.
 [17 <./src/html/ps3_03.png (PNG copy)> <./src/html/ps3_04.png (PNG copy)> <./s
rc/html/ps3_05.png (PNG copy)>]
<./src/html/ps3_06.png, id=447, 421.575pt x 316.18124pt>
File: ./src/html/ps3_06.png Graphic file (type png)

<use ./src/html/ps3_06.png>
Package pdftex.def Info: ./src/html/ps3_06.png used on input line 416.
(pdftex.def)             Requested size: 230.18253pt x 189.65009pt.

<./src/html/ps3_07.png, id=449, 421.575pt x 316.18124pt>
File: ./src/html/ps3_07.png Graphic file (type png)

<use ./src/html/ps3_07.png>
Package pdftex.def Info: ./src/html/ps3_07.png used on input line 419.
(pdftex.def)             Requested size: 230.18253pt x 189.65009pt.

<./src/html/ps3_08.png, id=451, 421.575pt x 316.18124pt>
File: ./src/html/ps3_08.png Graphic file (type png)

<use ./src/html/ps3_08.png>
Package pdftex.def Info: ./src/html/ps3_08.png used on input line 430.
(pdftex.def)             Requested size: 230.18253pt x 189.65009pt.

<./src/html/ps3_09.png, id=453, 421.575pt x 316.18124pt>
File: ./src/html/ps3_09.png Graphic file (type png)

<use ./src/html/ps3_09.png>
Package pdftex.def Info: ./src/html/ps3_09.png used on input line 433.
(pdftex.def)             Requested size: 230.18253pt x 189.65009pt.
 [18 <./src/html/ps3_06.png (PNG copy)> <./src/html/ps3_07.png (PNG copy)>]
<./src/html/ps9_03.png, id=464, 421.575pt x 316.18124pt>
File: ./src/html/ps9_03.png Graphic file (type png)

<use ./src/html/ps9_03.png>
Package pdftex.def Info: ./src/html/ps9_03.png used on input line 445.
(pdftex.def)             Requested size: 320.51736pt x 264.07474pt.
 [19 <./src/html/ps3_08.png (PNG copy)> <./src/html/ps3_09.png (PNG copy)> <./s
rc/html/ps9_03.png (PNG copy)>]
<./src/html/ps4_euler1.png, id=475, 231.11343pt x 81.30376pt>
File: ./src/html/ps4_euler1.png Graphic file (type png)

<use ./src/html/ps4_euler1.png>
Package pdftex.def Info: ./src/html/ps4_euler1.png used on input line 464.
(pdftex.def)             Requested size: 208.00017pt x 73.17268pt.

<./src/html/ps4_euler2.png, id=476, 707.64375pt x 95.6072pt>
File: ./src/html/ps4_euler2.png Graphic file (type png)

<use ./src/html/ps4_euler2.png>
Package pdftex.def Info: ./src/html/ps4_euler2.png used on input line 471.
(pdftex.def)             Requested size: 636.8735pt x 86.04567pt.

<./src/html/ps4_euler3.png, id=477, 182.93344pt x 36.88782pt>
File: ./src/html/ps4_euler3.png Graphic file (type png)

<use ./src/html/ps4_euler3.png>
Package pdftex.def Info: ./src/html/ps4_euler3.png used on input line 478.
(pdftex.def)             Requested size: 146.34694pt x 29.51027pt.
 [20 <./src/html/ps4_euler1.png> <./src/html/ps4_euler2.png> <./src/html/ps4_eu
ler3.png>]
<./src/html/ps4_dual0.png, id=489, 117.43875pt x 138.5175pt>
File: ./src/html/ps4_dual0.png Graphic file (type png)

<use ./src/html/ps4_dual0.png>
Package pdftex.def Info: ./src/html/ps4_dual0.png used on input line 490.
(pdftex.def)             Requested size: 93.95111pt x 110.81413pt.

<./src/html/ps4_dual1.png, id=490, 247.67531pt x 61.73062pt>
File: ./src/html/ps4_dual1.png Graphic file (type png)

<use ./src/html/ps4_dual1.png>
Package pdftex.def Info: ./src/html/ps4_dual1.png used on input line 499.
(pdftex.def)             Requested size: 198.1405pt x 49.38454pt.

<./src/html/ps4_dual2.png, id=491, 456.95718pt x 100.12407pt>
File: ./src/html/ps4_dual2.png Graphic file (type png)

<use ./src/html/ps4_dual2.png>
Package pdftex.def Info: ./src/html/ps4_dual2.png used on input line 506.
(pdftex.def)             Requested size: 365.56622pt x 80.09935pt.

<./src/html/ps4_dual3.png, id=492, 283.81032pt x 96.36pt>
File: ./src/html/ps4_dual3.png Graphic file (type png)

<use ./src/html/ps4_dual3.png>
Package pdftex.def Info: ./src/html/ps4_dual3.png used on input line 513.
(pdftex.def)             Requested size: 227.04855pt x 77.08807pt.

<./src/html/ps4_dual4.png, id=493, 386.94562pt x 55.70813pt>
File: ./src/html/ps4_dual4.png Graphic file (type png)

<use ./src/html/ps4_dual4.png>
Package pdftex.def Info: ./src/html/ps4_dual4.png used on input line 520.
(pdftex.def)             Requested size: 309.55692pt x 44.56654pt.
 [21 <./src/html/ps4_dual0.png> <./src/html/ps4_dual1.png> <./src/html/ps4_dual
2.png> <./src/html/ps4_dual3.png>]
<./src/html/ps4_01.png, id=506, 421.575pt x 316.18124pt>
File: ./src/html/ps4_01.png Graphic file (type png)

<use ./src/html/ps4_01.png>
Package pdftex.def Info: ./src/html/ps4_01.png used on input line 533.
(pdftex.def)             Requested size: 230.18253pt x 189.65009pt.

<./src/html/ps4_02.png, id=508, 421.575pt x 316.18124pt>
File: ./src/html/ps4_02.png Graphic file (type png)

<use ./src/html/ps4_02.png>
Package pdftex.def Info: ./src/html/ps4_02.png used on input line 536.
(pdftex.def)             Requested size: 230.18253pt x 189.65009pt.

<./src/html/ps4_03.png, id=510, 421.575pt x 316.18124pt>
File: ./src/html/ps4_03.png Graphic file (type png)

<use ./src/html/ps4_03.png>
Package pdftex.def Info: ./src/html/ps4_03.png used on input line 548.
(pdftex.def)             Requested size: 230.18253pt x 189.65009pt.

<./src/html/ps4_04.png, id=512, 421.575pt x 316.18124pt>
File: ./src/html/ps4_04.png Graphic file (type png)

<use ./src/html/ps4_04.png>
Package pdftex.def Info: ./src/html/ps4_04.png used on input line 551.
(pdftex.def)             Requested size: 230.18253pt x 189.65009pt.
 [22 <./src/html/ps4_01.png (PNG copy)> <./src/html/ps4_02.png (PNG copy)> <./s
rc/html/ps4_dual4.png>]
<./src/html/ps4_05.png, id=523, 421.575pt x 316.18124pt>
File: ./src/html/ps4_05.png Graphic file (type png)

<use ./src/html/ps4_05.png>
Package pdftex.def Info: ./src/html/ps4_05.png used on input line 562.
(pdftex.def)             Requested size: 230.18253pt x 189.65009pt.

<./src/html/ps4_06.png, id=525, 421.575pt x 316.18124pt>
File: ./src/html/ps4_06.png Graphic file (type png)

<use ./src/html/ps4_06.png>
Package pdftex.def Info: ./src/html/ps4_06.png used on input line 565.
(pdftex.def)             Requested size: 230.18253pt x 189.65009pt.

<./src/html/ps4_14.png, id=527, 421.575pt x 316.18124pt>
File: ./src/html/ps4_14.png Graphic file (type png)

<use ./src/html/ps4_14.png>
Package pdftex.def Info: ./src/html/ps4_14.png used on input line 578.
(pdftex.def)             Requested size: 230.18253pt x 189.65009pt.

<./src/html/ps4_15.png, id=529, 421.575pt x 316.18124pt>
File: ./src/html/ps4_15.png Graphic file (type png)

<use ./src/html/ps4_15.png>
Package pdftex.def Info: ./src/html/ps4_15.png used on input line 581.
(pdftex.def)             Requested size: 230.18253pt x 189.65009pt.
 [23 <./src/html/ps4_03.png (PNG copy)> <./src/html/ps4_04.png (PNG copy)> <./s
rc/html/ps4_05.png (PNG copy)> <./src/html/ps4_06.png (PNG copy)>]
<./src/html/ps4_dualCode.png, id=542, 489.32813pt x 157.33781pt>
File: ./src/html/ps4_dualCode.png Graphic file (type png)

<use ./src/html/ps4_dualCode.png>
Package pdftex.def Info: ./src/html/ps4_dualCode.png used on input line 595.
(pdftex.def)             Requested size: 469.75502pt x 151.04736pt.

<./src/html/ps4_07.png, id=543, 421.575pt x 316.18124pt>
File: ./src/html/ps4_07.png Graphic file (type png)

<use ./src/html/ps4_07.png>
Package pdftex.def Info: ./src/html/ps4_07.png used on input line 601.
(pdftex.def)             Requested size: 230.18253pt x 189.65009pt.

<./src/html/ps4_08.png, id=545, 421.575pt x 316.18124pt>
File: ./src/html/ps4_08.png Graphic file (type png)

<use ./src/html/ps4_08.png>
Package pdftex.def Info: ./src/html/ps4_08.png used on input line 604.
(pdftex.def)             Requested size: 230.18253pt x 189.65009pt.
 [24 <./src/html/ps4_14.png (PNG copy)> <./src/html/ps4_15.png (PNG copy)> <./s
rc/html/ps4_dualCode.png>]
<./src/html/ps4_09.png, id=558, 421.575pt x 316.18124pt>
File: ./src/html/ps4_09.png Graphic file (type png)

<use ./src/html/ps4_09.png>
Package pdftex.def Info: ./src/html/ps4_09.png used on input line 616.
(pdftex.def)             Requested size: 230.18253pt x 189.65009pt.

<./src/html/ps4_10.png, id=560, 421.575pt x 316.18124pt>
File: ./src/html/ps4_10.png Graphic file (type png)

<use ./src/html/ps4_10.png>
Package pdftex.def Info: ./src/html/ps4_10.png used on input line 619.
(pdftex.def)             Requested size: 230.18253pt x 189.65009pt.

<./src/html/ps4_11.png, id=562, 421.575pt x 316.18124pt>
File: ./src/html/ps4_11.png Graphic file (type png)

<use ./src/html/ps4_11.png>
Package pdftex.def Info: ./src/html/ps4_11.png used on input line 629.
(pdftex.def)             Requested size: 230.18253pt x 189.65009pt.

<./src/html/ps4_12.png, id=564, 421.575pt x 316.18124pt>
File: ./src/html/ps4_12.png Graphic file (type png)

<use ./src/html/ps4_12.png>
Package pdftex.def Info: ./src/html/ps4_12.png used on input line 632.
(pdftex.def)             Requested size: 230.18253pt x 189.65009pt.
 [25 <./src/html/ps4_07.png (PNG copy)> <./src/html/ps4_08.png (PNG copy)> <./s
rc/html/ps4_09.png (PNG copy)> <./src/html/ps4_10.png (PNG copy)>] <./src/html/
ps4_grav1.png, id=576, 170.88844pt x 265.74281pt>
File: ./src/html/ps4_grav1.png Graphic file (type png)

<use ./src/html/ps4_grav1.png>
Package pdftex.def Info: ./src/html/ps4_grav1.png used on input line 647.
(pdftex.def)             Requested size: 136.71092pt x 212.59453pt.

<./src/html/ps4_grav2.png, id=578, 298.11375pt x 59.47218pt>
File: ./src/html/ps4_grav2.png Graphic file (type png)

<use ./src/html/ps4_grav2.png>
Package pdftex.def Info: ./src/html/ps4_grav2.png used on input line 656.
(pdftex.def)             Requested size: 238.49132pt x 47.5778pt.
 [26 <./src/html/ps4_11.png (PNG copy)> <./src/html/ps4_12.png (PNG copy)> <./s
rc/html/ps4_grav1.png>]
<./src/html/ps4_grav3.png, id=588, 235.63031pt x 42.91031pt>
File: ./src/html/ps4_grav3.png Graphic file (type png)

<use ./src/html/ps4_grav3.png>
Package pdftex.def Info: ./src/html/ps4_grav3.png used on input line 663.
(pdftex.def)             Requested size: 188.5045pt x 34.32828pt.

<./src/html/ps4_grav4.png, id=589, 293.59688pt x 48.93282pt>
File: ./src/html/ps4_grav4.png Graphic file (type png)

<use ./src/html/ps4_grav4.png>
Package pdftex.def Info: ./src/html/ps4_grav4.png used on input line 670.
(pdftex.def)             Requested size: 293.59615pt x 48.93268pt.

<./src/html/ps4_grav5.png, id=590, 193.47281pt x 32.37094pt>
File: ./src/html/ps4_grav5.png Graphic file (type png)

<use ./src/html/ps4_grav5.png>
Package pdftex.def Info: ./src/html/ps4_grav5.png used on input line 677.
(pdftex.def)             Requested size: 193.47234pt x 32.37085pt.

<./src/html/ps4_22.png, id=592, 421.575pt x 316.18124pt>
File: ./src/html/ps4_22.png Graphic file (type png)

<use ./src/html/ps4_22.png>
Package pdftex.def Info: ./src/html/ps4_22.png used on input line 685.
(pdftex.def)             Requested size: 230.18253pt x 189.65009pt.

<./src/html/ps4_23.png, id=594, 421.575pt x 316.18124pt>
File: ./src/html/ps4_23.png Graphic file (type png)

<use ./src/html/ps4_23.png>
Package pdftex.def Info: ./src/html/ps4_23.png used on input line 688.
(pdftex.def)             Requested size: 230.18253pt x 189.65009pt.
 [27 <./src/html/ps4_grav2.png> <./src/html/ps4_grav3.png> <./src/html/ps4_grav
4.png> <./src/html/ps4_grav5.png>]
<./src/html/ps4_24.png, id=610, 421.575pt x 316.18124pt>
File: ./src/html/ps4_24.png Graphic file (type png)

<use ./src/html/ps4_24.png>
Package pdftex.def Info: ./src/html/ps4_24.png used on input line 699.
(pdftex.def)             Requested size: 230.18253pt x 189.65009pt.

<./src/html/ps4_25.png, id=612, 421.575pt x 316.18124pt>
File: ./src/html/ps4_25.png Graphic file (type png)

<use ./src/html/ps4_25.png>
Package pdftex.def Info: ./src/html/ps4_25.png used on input line 702.
(pdftex.def)             Requested size: 230.18253pt x 189.65009pt.

<./src/html/ps4_grav0.png, id=614, 233.37187pt x 76.78688pt>
File: ./src/html/ps4_grav0.png Graphic file (type png)

<use ./src/html/ps4_grav0.png>
Package pdftex.def Info: ./src/html/ps4_grav0.png used on input line 714.
(pdftex.def)             Requested size: 186.69774pt x 61.42957pt.
 [28 <./src/html/ps4_22.png (PNG copy)> <./src/html/ps4_23.png (PNG copy)> <./s
rc/html/ps4_24.png (PNG copy)> <./src/html/ps4_25.png (PNG copy)>] <./src/html/
ps4_grav6.png, id=624, 444.15938pt x 88.07906pt>
File: ./src/html/ps4_grav6.png Graphic file (type png)

<use ./src/html/ps4_grav6.png>
Package pdftex.def Info: ./src/html/ps4_grav6.png used on input line 721.
(pdftex.def)             Requested size: 355.32797pt x 70.46332pt.

<./src/html/ps4_grav7.png, id=625, 319.1925pt x 55.70813pt>
File: ./src/html/ps4_grav7.png Graphic file (type png)

<use ./src/html/ps4_grav7.png>
Package pdftex.def Info: ./src/html/ps4_grav7.png used on input line 728.
(pdftex.def)             Requested size: 255.35434pt x 44.56654pt.

<./src/html/ps4_grav8.png, id=626, 222.07968pt x 73.02281pt>
File: ./src/html/ps4_grav8.png Graphic file (type png)

<use ./src/html/ps4_grav8.png>
Package pdftex.def Info: ./src/html/ps4_grav8.png used on input line 735.
(pdftex.def)             Requested size: 177.66397pt x 58.4183pt.

<./src/html/ps4_grav9.png, id=627, 182.18062pt x 48.93282pt>
File: ./src/html/ps4_grav9.png Graphic file (type png)

<use ./src/html/ps4_grav9.png>
Package pdftex.def Info: ./src/html/ps4_grav9.png used on input line 742.
(pdftex.def)             Requested size: 145.74467pt x 39.14629pt.

<./src/html/ps4_26.png, id=629, 421.575pt x 316.18124pt>
File: ./src/html/ps4_26.png Graphic file (type png)

<use ./src/html/ps4_26.png>
Package pdftex.def Info: ./src/html/ps4_26.png used on input line 749.
(pdftex.def)             Requested size: 284.90735pt x 234.73558pt.
 [29 <./src/html/ps4_grav0.png> <./src/html/ps4_grav6.png> <./src/html/ps4_grav
7.png> <./src/html/ps4_grav8.png> <./src/html/ps4_grav9.png>] <./src/html/ps4_2
7.png, id=646, 421.575pt x 316.18124pt>
File: ./src/html/ps4_27.png Graphic file (type png)

<use ./src/html/ps4_27.png>
Package pdftex.def Info: ./src/html/ps4_27.png used on input line 758.
(pdftex.def)             Requested size: 284.90735pt x 234.73558pt.
 [30 <./src/html/ps4_26.png (PNG copy)> <./src/html/ps4_27.png (PNG copy)>] <./
src/html/ps5_mag4.png, id=656, 554.07pt x 168.63pt>
File: ./src/html/ps5_mag4.png Graphic file (type png)

<use ./src/html/ps5_mag4.png>
Package pdftex.def Info: ./src/html/ps5_mag4.png used on input line 779.
(pdftex.def)             Requested size: 387.84636pt x 118.04018pt.

<./src/html/ps5_mag2.png, id=657, 268.75406pt x 182.18062pt>
File: ./src/html/ps5_mag2.png Graphic file (type png)

<use ./src/html/ps5_mag2.png>
Package pdftex.def Info: ./src/html/ps5_mag2.png used on input line 786.
(pdftex.def)             Requested size: 188.12656pt x 127.52554pt.

<./src/html/ps5_mag3.png, id=658, 423.83344pt x 143.78719pt>
File: ./src/html/ps5_mag3.png Graphic file (type png)

<use ./src/html/ps5_mag3.png>
Package pdftex.def Info: ./src/html/ps5_mag3.png used on input line 791.
(pdftex.def)             Requested size: 296.68137pt x 100.65034pt.
 [31 <./src/html/ps5_mag4.png> <./src/html/ps5_mag2.png>] <./src/html/ps5_mag1.
png, id=668, 606.01407pt x 359.09157pt>
File: ./src/html/ps5_mag1.png Graphic file (type png)

<use ./src/html/ps5_mag1.png>
Package pdftex.def Info: ./src/html/ps5_mag1.png used on input line 799.
(pdftex.def)             Requested size: 424.20695pt x 251.36238pt.

<./src/html/ps5_mag5.png, id=669, 283.0575pt x 89.58469pt>
File: ./src/html/ps5_mag5.png Graphic file (type png)

<use ./src/html/ps5_mag5.png>
Package pdftex.def Info: ./src/html/ps5_mag5.png used on input line 808.
(pdftex.def)             Requested size: 198.13889pt x 62.70883pt.
 [32 <./src/html/ps5_mag3.png> <./src/html/ps5_mag1.png> <./src/html/ps5_mag5.p
ng>]
Overfull \hbox (99.74026pt too wide) in paragraph at lines 817--817
[][][][]$\OT1/cmtt/m/n/10 https : / / space . stackexchange . com / questions /
 9482 / how-[]long-[]would-[]iss-[]stay-[]in-[]orbit-[]if-[]it-[]didnt-[]get-[]
reboosts$[]| 
 []

<./src/html/ps5_drag1.png, id=684, 182.18062pt x 249.18094pt>
File: ./src/html/ps5_drag1.png Graphic file (type png)

<use ./src/html/ps5_drag1.png>
Package pdftex.def Info: ./src/html/ps5_drag1.png used on input line 821.
(pdftex.def)             Requested size: 127.52554pt x 174.42545pt.

<./src/html/ps5_drag2.png, id=685, 274.02374pt x 54.2025pt>
File: ./src/html/ps5_drag2.png Graphic file (type png)

<use ./src/html/ps5_drag2.png>
Package pdftex.def Info: ./src/html/ps5_drag2.png used on input line 830.
(pdftex.def)             Requested size: 191.8153pt x 37.94148pt.

<./src/html/ps5_drag3.png, id=686, 213.79875pt x 29.35968pt>
File: ./src/html/ps5_drag3.png Graphic file (type png)

<use ./src/html/ps5_drag3.png>
Package pdftex.def Info: ./src/html/ps5_drag3.png used on input line 837.
(pdftex.def)             Requested size: 149.6581pt x 20.55162pt.
 [33 <./src/html/ps5_drag1.png> <./src/html/ps5_drag2.png> <./src/html/ps5_drag
3.png>]
<./src/html/ps5_gmst.png, id=698, 1045.65656pt x 427.5975pt>
File: ./src/html/ps5_gmst.png Graphic file (type png)

<use ./src/html/ps5_gmst.png>
Package pdftex.def Info: ./src/html/ps5_gmst.png used on input line 854.
(pdftex.def)             Requested size: 941.08221pt x 384.83418pt.

<./src/html/ps5_perturbs.png, id=700, 841.64438pt x 575.90157pt>
File: ./src/html/ps5_perturbs.png Graphic file (type png)

<use ./src/html/ps5_perturbs.png>
Package pdftex.def Info: ./src/html/ps5_perturbs.png used on input line 863.
(pdftex.def)             Requested size: 631.23175pt x 431.92511pt.
 [34 <./src/html/ps5_gmst.png>]
<./src/html/ps5_01.png, id=710, 421.575pt x 316.18124pt>
File: ./src/html/ps5_01.png Graphic file (type png)

<use ./src/html/ps5_01.png>
Package pdftex.def Info: ./src/html/ps5_01.png used on input line 875.
(pdftex.def)             Requested size: 337.26045pt x 252.94533pt.
 [35 <./src/html/ps5_perturbs.png>]
<./src/html/ps5_02.png, id=718, 421.575pt x 316.18124pt>
File: ./src/html/ps5_02.png Graphic file (type png)

<use ./src/html/ps5_02.png>
Package pdftex.def Info: ./src/html/ps5_02.png used on input line 884.
(pdftex.def)             Requested size: 337.26045pt x 252.94533pt.
 [36 <./src/html/ps5_01.png (PNG copy)> <./src/html/ps5_02.png (PNG copy)>]
<./src/html/ps5_03.png, id=727, 421.575pt x 316.18124pt>
File: ./src/html/ps5_03.png Graphic file (type png)

<use ./src/html/ps5_03.png>
Package pdftex.def Info: ./src/html/ps5_03.png used on input line 894.
(pdftex.def)             Requested size: 230.18253pt x 189.65009pt.

<./src/html/ps5_04.png, id=729, 421.575pt x 316.18124pt>
File: ./src/html/ps5_04.png Graphic file (type png)

<use ./src/html/ps5_04.png>
Package pdftex.def Info: ./src/html/ps5_04.png used on input line 897.
(pdftex.def)             Requested size: 230.18253pt x 189.65009pt.

<./src/html/ps5_05.png, id=732, 421.575pt x 316.18124pt>
File: ./src/html/ps5_05.png Graphic file (type png)

<use ./src/html/ps5_05.png>
Package pdftex.def Info: ./src/html/ps5_05.png used on input line 907.
(pdftex.def)             Requested size: 337.26045pt x 252.94533pt.
 [37 <./src/html/ps5_03.png (PNG copy)> <./src/html/ps5_04.png (PNG copy)> <./s
rc/html/ps5_05.png (PNG copy)>]
<rtnframe.png, id=741, 345.29pt x 203.76125pt>
File: rtnframe.png Graphic file (type png)
 <use rtnframe.png>
Package pdftex.def Info: rtnframe.png used on input line 919.
(pdftex.def)             Requested size: 276.23236pt x 163.0092pt.

<./src/html/ps5_06.png, id=744, 421.575pt x 316.18124pt>
File: ./src/html/ps5_06.png Graphic file (type png)

<use ./src/html/ps5_06.png>
Package pdftex.def Info: ./src/html/ps5_06.png used on input line 928.
(pdftex.def)             Requested size: 337.26045pt x 252.94533pt.
 [38 <./rtnframe.png (PNG copy)>]
<./src/html/ps5_07.png, id=751, 421.575pt x 316.18124pt>
File: ./src/html/ps5_07.png Graphic file (type png)

<use ./src/html/ps5_07.png>
Package pdftex.def Info: ./src/html/ps5_07.png used on input line 936.
(pdftex.def)             Requested size: 337.26045pt x 252.94533pt.
 [39 <./src/html/ps5_06.png (PNG copy)> <./src/html/ps5_07.png (PNG copy)>]
Overfull \hbox (71.4905pt too wide) in paragraph at lines 947--947
[][][][]$\OT1/cmtt/m/n/10 https : / / space . stackexchange . com / questions /
 566 / do-[]any-[]spacecraft-[]use-[]gnss-[]for-[]attitude-[]determination$[]| 

 []

<./src/html/ps6_att1.png, id=762, 276.28218pt x 32.37094pt>
File: ./src/html/ps6_att1.png Graphic file (type png)

<use ./src/html/ps6_att1.png>
Package pdftex.def Info: ./src/html/ps6_att1.png used on input line 956.
(pdftex.def)             Requested size: 221.02603pt x 25.89677pt.

<./src/html/ps6_att2.png, id=763, 359.84438pt x 73.77562pt>
File: ./src/html/ps6_att2.png Graphic file (type png)

<use ./src/html/ps6_att2.png>
Package pdftex.def Info: ./src/html/ps6_att2.png used on input line 963.
(pdftex.def)             Requested size: 287.87589pt x 59.02055pt.

<./src/html/ps6_att3.png, id=764, 222.8325pt x 34.62938pt>
File: ./src/html/ps6_att3.png Graphic file (type png)

<use ./src/html/ps6_att3.png>
Package pdftex.def Info: ./src/html/ps6_att3.png used on input line 970.
(pdftex.def)             Requested size: 178.26624pt x 27.70352pt.
 [40 <./src/html/ps6_att1.png> <./src/html/ps6_att2.png> <./src/html/ps6_att3.p
ng>]
<./src/html/ps6_att4.png, id=777, 224.33812pt x 51.19125pt>
File: ./src/html/ps6_att4.png Graphic file (type png)

<use ./src/html/ps6_att4.png>
Package pdftex.def Info: ./src/html/ps6_att4.png used on input line 979.
(pdftex.def)             Requested size: 179.47073pt x 40.95305pt.

<./src/html/ps6_att5.png, id=778, 325.96782pt x 85.82062pt>
File: ./src/html/ps6_att5.png Graphic file (type png)

<use ./src/html/ps6_att5.png>
Package pdftex.def Info: ./src/html/ps6_att5.png used on input line 986.
(pdftex.def)             Requested size: 260.7746pt x 68.65657pt.

<./src/html/ps6_att55.png, id=779, 479.54156pt x 73.02281pt>
File: ./src/html/ps6_att55.png Graphic file (type png)

<use ./src/html/ps6_att55.png>
Package pdftex.def Info: ./src/html/ps6_att55.png used on input line 993.
(pdftex.def)             Requested size: 383.63377pt x 58.4183pt.

<./src/html/ps6_att6.png, id=780, 214.55156pt x 69.25874pt>
File: ./src/html/ps6_att6.png Graphic file (type png)

<use ./src/html/ps6_att6.png>
Package pdftex.def Info: ./src/html/ps6_att6.png used on input line 1002.
(pdftex.def)             Requested size: 171.64146pt x 55.40706pt.

<./src/html/ps6_att7.png, id=781, 593.21625pt x 25.59563pt>
File: ./src/html/ps6_att7.png Graphic file (type png)

<use ./src/html/ps6_att7.png>
Package pdftex.def Info: ./src/html/ps6_att7.png used on input line 1009.
(pdftex.def)             Requested size: 474.57364pt x 20.47652pt.

Overfull \hbox (4.81862pt too wide) in paragraph at lines 1009--1010
 [][] 
 []

<./src/html/ps6_att8.png, id=782, 651.18282pt x 48.93282pt>
File: ./src/html/ps6_att8.png Graphic file (type png)

<use ./src/html/ps6_att8.png>
Package pdftex.def Info: ./src/html/ps6_att8.png used on input line 1016.
(pdftex.def)             Requested size: 520.94696pt x 39.14629pt.

Overfull \hbox (51.19194pt too wide) in paragraph at lines 1016--1017
 [][] 
 []

[41 <./src/html/ps6_att4.png> <./src/html/ps6_att5.png> <./src/html/ps6_att55.p
ng> <./src/html/ps6_att6.png> <./src/html/ps6_att7.png>]
<./src/html/ps6_01.png, id=794, 421.575pt x 316.18124pt>
File: ./src/html/ps6_01.png Graphic file (type png)

<use ./src/html/ps6_01.png>
Package pdftex.def Info: ./src/html/ps6_01.png used on input line 1025.
(pdftex.def)             Requested size: 337.26045pt x 252.94533pt.

<./src/html/ps6_02.png, id=796, 421.575pt x 316.18124pt>
File: ./src/html/ps6_02.png Graphic file (type png)

<use ./src/html/ps6_02.png>
Package pdftex.def Info: ./src/html/ps6_02.png used on input line 1034.
(pdftex.def)             Requested size: 421.57396pt x 316.18047pt.
 [42 <./src/html/ps6_att8.png> <./src/html/ps6_01.png (PNG copy)>] <./src/html/
ps6_03.png, id=805, 421.575pt x 316.18124pt>
File: ./src/html/ps6_03.png Graphic file (type png)

<use ./src/html/ps6_03.png>
Package pdftex.def Info: ./src/html/ps6_03.png used on input line 1047.
(pdftex.def)             Requested size: 337.26045pt x 252.94533pt.
 [43 <./src/html/ps6_02.png (PNG copy)>]
<./src/html/ps6_04.png, id=812, 421.575pt x 316.18124pt>
File: ./src/html/ps6_04.png Graphic file (type png)

<use ./src/html/ps6_04.png>
Package pdftex.def Info: ./src/html/ps6_04.png used on input line 1056.
(pdftex.def)             Requested size: 421.57396pt x 316.18047pt.
 [44 <./src/html/ps6_03.png (PNG copy)>]
<./src/html/ps6_05.png, id=819, 421.575pt x 316.18124pt>
File: ./src/html/ps6_05.png Graphic file (type png)

<use ./src/html/ps6_05.png>
Package pdftex.def Info: ./src/html/ps6_05.png used on input line 1070.
(pdftex.def)             Requested size: 337.26045pt x 252.94533pt.
 [45 <./src/html/ps6_04.png (PNG copy)>]
<./src/html/ps6_06.png, id=826, 421.575pt x 316.18124pt>
File: ./src/html/ps6_06.png Graphic file (type png)

<use ./src/html/ps6_06.png>
Package pdftex.def Info: ./src/html/ps6_06.png used on input line 1079.
(pdftex.def)             Requested size: 337.26045pt x 252.94533pt.
 [46 <./src/html/ps6_05.png (PNG copy)> <./src/html/ps6_06.png (PNG copy)>]
<./src/html/ps7_ekf0.png, id=834, 180.675pt x 53.44969pt>
File: ./src/html/ps7_ekf0.png Graphic file (type png)

<use ./src/html/ps7_ekf0.png>
Package pdftex.def Info: ./src/html/ps7_ekf0.png used on input line 1098.
(pdftex.def)             Requested size: 144.54018pt x 42.75978pt.
 [47 <./src/html/ps7_ekf0.png>]
<./src/html/ps7_ekf1.png, id=852, 709.90219pt x 374.14781pt>
File: ./src/html/ps7_ekf1.png Graphic file (type png)

<use ./src/html/ps7_ekf1.png>
Package pdftex.def Info: ./src/html/ps7_ekf1.png used on input line 1123.
(pdftex.def)             Requested size: 567.92252pt x 299.31863pt.
 [48 <./src/html/ps7_ekf1.png>]
<./src/html/ps7_ekf2.png, id=866, 451.6875pt x 170.88844pt>
File: ./src/html/ps7_ekf2.png Graphic file (type png)

<use ./src/html/ps7_ekf2.png>
Package pdftex.def Info: ./src/html/ps7_ekf2.png used on input line 1155.
(pdftex.def)             Requested size: 361.35048pt x 136.71092pt.

<./src/html/ps7_01.png, id=867, 421.575pt x 316.18124pt>
File: ./src/html/ps7_01.png Graphic file (type png)

<use ./src/html/ps7_01.png>
Package pdftex.def Info: ./src/html/ps7_01.png used on input line 1164.
(pdftex.def)             Requested size: 337.26045pt x 252.94533pt.
 [49 <./src/html/ps7_ekf2.png>]
<./src/html/ps7_02.png, id=876, 421.575pt x 316.18124pt>
File: ./src/html/ps7_02.png Graphic file (type png)

<use ./src/html/ps7_02.png>
Package pdftex.def Info: ./src/html/ps7_02.png used on input line 1173.
(pdftex.def)             Requested size: 337.26045pt x 252.94533pt.
 [50 <./src/html/ps7_01.png (PNG copy)> <./src/html/ps7_02.png (PNG copy)>]
<./src/html/ps7_03.png, id=884, 421.575pt x 316.18124pt>
File: ./src/html/ps7_03.png Graphic file (type png)

<use ./src/html/ps7_03.png>
Package pdftex.def Info: ./src/html/ps7_03.png used on input line 1182.
(pdftex.def)             Requested size: 337.26045pt x 252.94533pt.

<./src/html/ps7_04.png, id=886, 421.575pt x 316.18124pt>
File: ./src/html/ps7_04.png Graphic file (type png)

<use ./src/html/ps7_04.png>
Package pdftex.def Info: ./src/html/ps7_04.png used on input line 1191.
(pdftex.def)             Requested size: 337.26045pt x 252.94533pt.
 [51 <./src/html/ps7_03.png (PNG copy)>]
<./src/html/ps7_05.png, id=893, 421.575pt x 316.18124pt>
File: ./src/html/ps7_05.png Graphic file (type png)

<use ./src/html/ps7_05.png>
Package pdftex.def Info: ./src/html/ps7_05.png used on input line 1200.
(pdftex.def)             Requested size: 337.26045pt x 252.94533pt.
 [52 <./src/html/ps7_04.png (PNG copy)> <./src/html/ps7_05.png (PNG copy)>]
<./src/html/ps7_06.png, id=901, 421.575pt x 316.18124pt>
File: ./src/html/ps7_06.png Graphic file (type png)

<use ./src/html/ps7_06.png>
Package pdftex.def Info: ./src/html/ps7_06.png used on input line 1209.
(pdftex.def)             Requested size: 337.26045pt x 252.94533pt.

Overfull \hbox (6.2708pt too wide) in paragraph at lines 1217--1217
[]\OT1/cmr/bx/n/17.28 Problem Set 8 - Im-ple-ment Ac-tu-a-tors and Con-trollers
 
 []

[53 <./src/html/ps7_06.png (PNG copy)>]
<./src/html/PS8_controller.png, id=909, 593.96906pt x 177.66376pt>
File: ./src/html/PS8_controller.png Graphic file (type png)

<use ./src/html/PS8_controller.png>
Package pdftex.def Info: ./src/html/PS8_controller.png used on input line 1240.

(pdftex.def)             Requested size: 415.7755pt x 124.36377pt.
 [54 <./src/html/PS8_controller.png>]
<./src/html/ps8_lqrCost.png, id=923, 335.75438pt x 59.47218pt>
File: ./src/html/ps8_lqrCost.png Graphic file (type png)

<use ./src/html/ps8_lqrCost.png>
Package pdftex.def Info: ./src/html/ps8_lqrCost.png used on input line 1258.
(pdftex.def)             Requested size: 235.02646pt x 41.63023pt.

<./src/html/ps8_taylor.png, id=924, 179.92218pt x 35.38219pt>
File: ./src/html/ps8_taylor.png Graphic file (type png)

<use ./src/html/ps8_taylor.png>
Package pdftex.def Info: ./src/html/ps8_taylor.png used on input line 1267.
(pdftex.def)             Requested size: 125.94466pt x 24.76735pt.

<./src/html/ps8_code.png, id=927, 398.99063pt x 439.6425pt>
File: ./src/html/ps8_code.png Graphic file (type png)

<use ./src/html/ps8_code.png>
Package pdftex.def Info: ./src/html/ps8_code.png used on input line 1296.
(pdftex.def)             Requested size: 299.24223pt x 329.73106pt.
 [55 <./src/html/ps8_lqrCost.png> <./src/html/ps8_taylor.png>] <./src/html/ps8_
01.png, id=938, 421.575pt x 316.18124pt>
File: ./src/html/ps8_01.png Graphic file (type png)

<use ./src/html/ps8_01.png>
Package pdftex.def Info: ./src/html/ps8_01.png used on input line 1311.
(pdftex.def)             Requested size: 337.26045pt x 252.94533pt.
 [56 <./src/html/ps8_code.png>]
<./src/html/ps8_02.png, id=945, 421.575pt x 316.18124pt>
File: ./src/html/ps8_02.png Graphic file (type png)

<use ./src/html/ps8_02.png>
Package pdftex.def Info: ./src/html/ps8_02.png used on input line 1320.
(pdftex.def)             Requested size: 337.26045pt x 252.94533pt.
 [57 <./src/html/ps8_01.png (PNG copy)>]
<./src/html/ps8_03.png, id=953, 421.575pt x 316.18124pt>
File: ./src/html/ps8_03.png Graphic file (type png)

<use ./src/html/ps8_03.png>
Package pdftex.def Info: ./src/html/ps8_03.png used on input line 1329.
(pdftex.def)             Requested size: 337.26045pt x 252.94533pt.
 [58 <./src/html/ps8_02.png (PNG copy)>]
<./src/html/ps8_04.png, id=959, 421.575pt x 316.18124pt>
File: ./src/html/ps8_04.png Graphic file (type png)

<use ./src/html/ps8_04.png>
Package pdftex.def Info: ./src/html/ps8_04.png used on input line 1338.
(pdftex.def)             Requested size: 337.26045pt x 252.94533pt.
 [59 <./src/html/ps8_03.png (PNG copy)>]
<./src/html/ps8_05.png, id=965, 421.575pt x 316.18124pt>
File: ./src/html/ps8_05.png Graphic file (type png)

<use ./src/html/ps8_05.png>
Package pdftex.def Info: ./src/html/ps8_05.png used on input line 1347.
(pdftex.def)             Requested size: 337.26045pt x 252.94533pt.
 [60 <./src/html/ps8_04.png (PNG copy)> <./src/html/ps8_05.png (PNG copy)>]
<./src/html/ps9_01.png, id=972, 421.575pt x 316.18124pt>
File: ./src/html/ps9_01.png Graphic file (type png)

<use ./src/html/ps9_01.png>
Package pdftex.def Info: ./src/html/ps9_01.png used on input line 1362.
(pdftex.def)             Requested size: 337.26045pt x 252.94533pt.

<./src/html/ps9_02.png, id=974, 421.575pt x 316.18124pt>
File: ./src/html/ps9_02.png Graphic file (type png)

<use ./src/html/ps9_02.png>
Package pdftex.def Info: ./src/html/ps9_02.png used on input line 1373.
(pdftex.def)             Requested size: 230.18253pt x 189.65009pt.
File: ./src/html/ps9_03.png Graphic file (type png)
 <use ./src/html/ps9_03.png>
Package pdftex.def Info: ./src/html/ps9_03.png used on input line 1376.
(pdftex.def)             Requested size: 230.18253pt x 189.65009pt.
 [61 <./src/html/ps9_01.png (PNG copy)>] <./src/html/ps9_04.png, id=983, 421.57
5pt x 316.18124pt>
File: ./src/html/ps9_04.png Graphic file (type png)

<use ./src/html/ps9_04.png>
Package pdftex.def Info: ./src/html/ps9_04.png used on input line 1386.
(pdftex.def)             Requested size: 337.26045pt x 252.94533pt.


pdfTeX warning: pdflatex.exe (file ./ps1code.pdf): PDF inclusion: found PDF ver
sion <1.7>, but at most version <1.5> allowed
<ps1code.pdf, id=985, 614.295pt x 794.97pt>
File: ps1code.pdf Graphic file (type pdf)
 <use ps1code.pdf>
Package pdftex.def Info: ps1code.pdf used on input line 1397.
(pdftex.def)             Requested size: 614.29349pt x 794.96806pt.


pdfTeX warning: pdflatex.exe (file ./ps1code.pdf): PDF inclusion: found PDF ver
sion <1.7>, but at most version <1.5> allowed
File: ps1code.pdf Graphic file (type pdf)
<use ps1code.pdf>
Package pdftex.def Info: ps1code.pdf used on input line 1397.
(pdftex.def)             Requested size: 614.29349pt x 794.96806pt.


pdfTeX warning: pdflatex.exe (file ./ps1code.pdf): PDF inclusion: found PDF ver
sion <1.7>, but at most version <1.5> allowed


pdfTeX warning: pdflatex.exe (file ./ps1code.pdf): PDF inclusion: found PDF ver
sion <1.7>, but at most version <1.5> allowed
<ps1code.pdf, id=988, page=1, 614.295pt x 794.97pt>
File: ps1code.pdf Graphic file (type pdf)
 <use ps1code.pdf, page 1>
Package pdftex.def Info: ps1code.pdf, page1 used on input line 1397.
(pdftex.def)             Requested size: 614.29349pt x 794.96806pt.
File: ps1code.pdf Graphic file (type pdf)

<use ps1code.pdf, page 1>
Package pdftex.def Info: ps1code.pdf, page1 used on input line 1397.
(pdftex.def)             Requested size: 614.58406pt x 795.3441pt.
 [62 <./src/html/ps9_02.png (PNG copy)> <./src/html/ps9_04.png (PNG copy)>] [63
]
File: ps1code.pdf Graphic file (type pdf)
 <use ps1code.pdf, page 1>
Package pdftex.def Info: ps1code.pdf, page1 used on input line 1397.
(pdftex.def)             Requested size: 614.58406pt x 795.3441pt.
File: ps1code.pdf Graphic file (type pdf)
 <use ps1code.pdf, page 1>
Package pdftex.def Info: ps1code.pdf, page1 used on input line 1397.
(pdftex.def)             Requested size: 614.58406pt x 795.3441pt.
File: ps1code.pdf Graphic file (type pdf)

<use ps1code.pdf, page 1>
Package pdftex.def Info: ps1code.pdf, page1 used on input line 1397.
(pdftex.def)             Requested size: 614.58406pt x 795.3441pt.
 [64 <./ps1code.pdf>]

pdfTeX warning: pdflatex.exe (file ./ps1code.pdf): PDF inclusion: found PDF ver
sion <1.7>, but at most version <1.5> allowed
<ps1code.pdf, id=1030, page=2, 614.295pt x 794.97pt>
File: ps1code.pdf Graphic file (type pdf)
 <use ps1code.pdf, page 2>
Package pdftex.def Info: ps1code.pdf, page2 used on input line 1397.
(pdftex.def)             Requested size: 614.58406pt x 795.3441pt.
File: ps1code.pdf Graphic file (type pdf)

<use ps1code.pdf, page 2>
Package pdftex.def Info: ps1code.pdf, page2 used on input line 1397.
(pdftex.def)             Requested size: 614.58406pt x 795.3441pt.
File: ps1code.pdf Graphic file (type pdf)
 <use ps1code.pdf, page 2>
Package pdftex.def Info: ps1code.pdf, page2 used on input line 1397.
(pdftex.def)             Requested size: 614.58406pt x 795.3441pt.
 [65 <./ps1code.pdf>]

pdfTeX warning: pdflatex.exe (file ./ps1code.pdf): PDF inclusion: found PDF ver
sion <1.7>, but at most version <1.5> allowed
<ps1code.pdf, id=1035, page=3, 614.295pt x 794.97pt>
File: ps1code.pdf Graphic file (type pdf)
 <use ps1code.pdf, page 3>
Package pdftex.def Info: ps1code.pdf, page3 used on input line 1397.
(pdftex.def)             Requested size: 614.58406pt x 795.3441pt.
File: ps1code.pdf Graphic file (type pdf)

<use ps1code.pdf, page 3>
Package pdftex.def Info: ps1code.pdf, page3 used on input line 1397.
(pdftex.def)             Requested size: 614.58406pt x 795.3441pt.
File: ps1code.pdf Graphic file (type pdf)
 <use ps1code.pdf, page 3>
Package pdftex.def Info: ps1code.pdf, page3 used on input line 1397.
(pdftex.def)             Requested size: 614.58406pt x 795.3441pt.
 [66 <./ps1code.pdf>]

pdfTeX warning: pdflatex.exe (file ./ps1code.pdf): PDF inclusion: found PDF ver
sion <1.7>, but at most version <1.5> allowed
<ps1code.pdf, id=1041, page=4, 614.295pt x 794.97pt>
File: ps1code.pdf Graphic file (type pdf)
 <use ps1code.pdf, page 4>
Package pdftex.def Info: ps1code.pdf, page4 used on input line 1397.
(pdftex.def)             Requested size: 614.58406pt x 795.3441pt.
File: ps1code.pdf Graphic file (type pdf)

<use ps1code.pdf, page 4>
Package pdftex.def Info: ps1code.pdf, page4 used on input line 1397.
(pdftex.def)             Requested size: 614.58406pt x 795.3441pt.
File: ps1code.pdf Graphic file (type pdf)
 <use ps1code.pdf, page 4>
Package pdftex.def Info: ps1code.pdf, page4 used on input line 1397.
(pdftex.def)             Requested size: 614.58406pt x 795.3441pt.
 [67 <./ps1code.pdf>]

pdfTeX warning: pdflatex.exe (file ./ps1code.pdf): PDF inclusion: found PDF ver
sion <1.7>, but at most version <1.5> allowed
<ps1code.pdf, id=1046, page=5, 614.295pt x 794.97pt>
File: ps1code.pdf Graphic file (type pdf)
 <use ps1code.pdf, page 5>
Package pdftex.def Info: ps1code.pdf, page5 used on input line 1397.
(pdftex.def)             Requested size: 614.58406pt x 795.3441pt.
File: ps1code.pdf Graphic file (type pdf)

<use ps1code.pdf, page 5>
Package pdftex.def Info: ps1code.pdf, page5 used on input line 1397.
(pdftex.def)             Requested size: 614.58406pt x 795.3441pt.
File: ps1code.pdf Graphic file (type pdf)
 <use ps1code.pdf, page 5>
Package pdftex.def Info: ps1code.pdf, page5 used on input line 1397.
(pdftex.def)             Requested size: 614.58406pt x 795.3441pt.
 [68 <./ps1code.pdf>]
Package atveryend Info: Empty hook `BeforeClearDocument' on input line 1399.
Package atveryend Info: Empty hook `AfterLastShipout' on input line 1399.

(buckley_report.aux)
Package atveryend Info: Executing hook `AtVeryEndDocument' on input line 1399.
Package atveryend Info: Executing hook `AtEndAfterFileList' on input line 1399.

Package rerunfilecheck Info: File `buckley_report.out' has not changed.
(rerunfilecheck)             Checksum: E8493EF255CB5E9AA1A726282DA1D7C9;3151.


LaTeX Warning: There were multiply-defined labels.

Package atveryend Info: Empty hook `AtVeryVeryEnd' on input line 1399.
 ) 
Here is how much of TeX's memory you used:
 9481 strings out of 493335
 146650 string characters out of 3139264
 236733 words of memory out of 3000000
 12533 multiletter control sequences out of 15000+200000
 10844 words of font info for 40 fonts, out of 3000000 for 9000
 1141 hyphenation exceptions out of 8191
 42i,18n,46p,842b,458s stack positions out of 5000i,500n,10000p,200000b,50000s
<C:/Program Files/MiKTeX 2.9/fonts/type1/public/amsfonts/cm/cmbx12.pfb><C:/Pr
ogram Files/MiKTeX 2.9/fonts/type1/public/amsfonts/cm/cmex10.pfb><C:/Program Fi
les/MiKTeX 2.9/fonts/type1/public/amsfonts/cm/cmmi12.pfb><C:/Program Files/MiKT
eX 2.9/fonts/type1/public/amsfonts/cm/cmmi8.pfb><C:/Program Files/MiKTeX 2.9/fo
nts/type1/public/amsfonts/cm/cmr12.pfb><C:/Program Files/MiKTeX 2.9/fonts/type1
/public/amsfonts/cm/cmr17.pfb><C:/Program Files/MiKTeX 2.9/fonts/type1/public/a
msfonts/cm/cmr7.pfb><C:/Program Files/MiKTeX 2.9/fonts/type1/public/amsfonts/cm
/cmr8.pfb><C:/Program Files/MiKTeX 2.9/fonts/type1/public/amsfonts/cm/cmsy10.pf
b><C:/Program Files/MiKTeX 2.9/fonts/type1/public/amsfonts/cm/cmsy8.pfb><C:/Pro
gram Files/MiKTeX 2.9/fonts/type1/public/amsfonts/cm/cmti12.pfb><C:/Program Fil
es/MiKTeX 2.9/fonts/type1/public/amsfonts/cm/cmtt10.pfb><C:/Program Files/MiKTe
X 2.9/fonts/type1/public/amsfonts/cm/cmtt12.pfb>
Output written on buckley_report.pdf (69 pages, 5515253 bytes).
PDF statistics:
 1148 PDF objects out of 1200 (max. 8388607)
 248 named destinations out of 1000 (max. 500000)
 1336 words of extra memory for PDF output out of 10000 (max. 10000000)

